2022-2022-09 13:35 [INFO][restartedMain][c.e.e.EmployeeApp1Application:55] Starting EmployeeApp1Application using Java 18.0.2.1 on LAPTOP-S8CS9QLS with PID 20884 (C:\MY STORAGE FILESSSSSSSSSSSSSSSSS\Servlet1234\EmployeeApp1\target\classes started by root in C:\MY STORAGE FILESSSSSSSSSSSSSSSSS\Servlet1234\EmployeeApp1)
2022-2022-09 13:35 [INFO][restartedMain][c.e.e.EmployeeApp1Application:634] No active profile set, falling back to 1 default profile: "default"
2022-2022-09 13:35 [INFO][restartedMain][o.s.b.d.e.DevToolsPropertyDefaultsPostProcessor:255] Devtools property defaults active! Set 'spring.devtools.add-properties' to 'false' to disable
2022-2022-09 13:35 [INFO][restartedMain][o.s.b.d.e.DevToolsPropertyDefaultsPostProcessor:255] For additional web related logging consider setting the 'logging.level.web' property to 'DEBUG'
2022-2022-09 13:35 [INFO][restartedMain][o.s.d.r.c.RepositoryConfigurationDelegate:132] Bootstrapping Spring Data JPA repositories in DEFAULT mode.
2022-2022-09 13:35 [INFO][restartedMain][o.s.d.r.c.RepositoryConfigurationDelegate:201] Finished Spring Data repository scanning in 58 ms. Found 1 JPA repository interfaces.
2022-2022-09 13:35 [INFO][restartedMain][o.s.b.w.e.t.TomcatWebServer:108] Tomcat initialized with port(s): 8081 (http)
2022-2022-09 13:35 [INFO][restartedMain][o.a.c.c.StandardService:173] Starting service [Tomcat]
2022-2022-09 13:35 [INFO][restartedMain][o.a.c.c.StandardEngine:173] Starting Servlet engine: [Apache Tomcat/9.0.65]
2022-2022-09 13:35 [INFO][restartedMain][o.a.c.c.C.[.[.[/]:173] Initializing Spring embedded WebApplicationContext
2022-2022-09 13:35 [INFO][restartedMain][o.s.b.w.s.c.ServletWebServerApplicationContext:292] Root WebApplicationContext: initialization completed in 2008 ms
2022-2022-09 13:35 [INFO][restartedMain][o.h.j.i.u.LogHelper:31] HHH000204: Processing PersistenceUnitInfo [name: default]
2022-2022-09 13:35 [INFO][restartedMain][o.h.Version:44] HHH000412: Hibernate ORM core version 5.6.10.Final
2022-2022-09 13:35 [INFO][restartedMain][o.h.a.c.Version:56] HCANN000001: Hibernate Commons Annotations {5.1.2.Final}
2022-2022-09 13:35 [INFO][restartedMain][c.z.h.HikariDataSource:110] HikariPool-1 - Starting...
2022-2022-09 13:35 [INFO][restartedMain][c.z.h.HikariDataSource:123] HikariPool-1 - Start completed.
2022-2022-09 13:35 [INFO][restartedMain][o.h.d.Dialect:175] HHH000400: Using dialect: org.hibernate.dialect.MySQL8Dialect
2022-2022-09 13:35 [INFO][restartedMain][o.h.e.t.j.p.i.JtaPlatformInitiator:52] HHH000490: Using JtaPlatform implementation: [org.hibernate.engine.transaction.jta.platform.internal.NoJtaPlatform]
2022-2022-09 13:35 [INFO][restartedMain][o.s.o.j.LocalContainerEntityManagerFactoryBean:437] Initialized JPA EntityManagerFactory for persistence unit 'default'
2022-2022-09 13:35 [WARN][restartedMain][o.s.b.a.o.j.JpaBaseConfiguration$JpaWebConfiguration:219] spring.jpa.open-in-view is enabled by default. Therefore, database queries may be performed during view rendering. Explicitly configure spring.jpa.open-in-view to disable this warning
2022-2022-09 13:35 [WARN][restartedMain][o.s.b.a.t.ThymeleafAutoConfiguration$DefaultTemplateResolverConfiguration:103] Cannot find template location: classpath:/templates/ (please add some templates or check your Thymeleaf configuration)
2022-2022-09 13:35 [INFO][restartedMain][o.s.b.d.a.OptionalLiveReloadServer:59] LiveReload server is running on port 35729
2022-2022-09 13:35 [INFO][restartedMain][o.s.b.w.e.t.TomcatWebServer:220] Tomcat started on port(s): 8081 (http) with context path ''
2022-2022-09 13:35 [INFO][restartedMain][c.e.e.EmployeeApp1Application:61] Started EmployeeApp1Application in 4.808 seconds (JVM running for 6.78)
2022-2022-09 13:35 [INFO][restartedMain][c.e.e.EmployeeApp1Application:15] app started
2022-2022-09 13:35 [INFO][http-nio-8081-exec-2][o.a.c.c.C.[.[.[/]:173] Initializing Spring DispatcherServlet 'dispatcherServlet'
2022-2022-09 13:35 [INFO][http-nio-8081-exec-2][o.s.w.s.DispatcherServlet:525] Initializing Servlet 'dispatcherServlet'
2022-2022-09 13:35 [INFO][http-nio-8081-exec-2][o.s.w.s.DispatcherServlet:547] Completed initialization in 1 ms
2022-2022-09 13:36 [WARN][http-nio-8081-exec-4][o.s.w.s.m.s.DefaultHandlerExceptionResolver:208] Resolved [org.springframework.http.converter.HttpMessageNotReadableException: JSON parse error: Unexpected character (',' (code 44)): expected a value; nested exception is com.fasterxml.jackson.core.JsonParseException: Unexpected character (',' (code 44)): expected a value<EOL> at [Source: (org.springframework.util.StreamUtils$NonClosingInputStream); line: 3, column: 21]]
2022-2022-09 13:36 [INFO][SpringApplicationShutdownHook][o.s.o.j.LocalContainerEntityManagerFactoryBean:651] Closing JPA EntityManagerFactory for persistence unit 'default'
2022-2022-09 13:36 [INFO][SpringApplicationShutdownHook][c.z.h.HikariDataSource:350] HikariPool-1 - Shutdown initiated...
2022-2022-09 13:36 [INFO][SpringApplicationShutdownHook][c.z.h.HikariDataSource:352] HikariPool-1 - Shutdown completed.
2022-2022-09 13:36 [INFO][restartedMain][c.e.e.EmployeeApp1Application:55] Starting EmployeeApp1Application using Java 18.0.2.1 on LAPTOP-S8CS9QLS with PID 16104 (C:\MY STORAGE FILESSSSSSSSSSSSSSSSS\Servlet1234\EmployeeApp1\target\classes started by root in C:\MY STORAGE FILESSSSSSSSSSSSSSSSS\Servlet1234\EmployeeApp1)
2022-2022-09 13:36 [INFO][restartedMain][c.e.e.EmployeeApp1Application:634] No active profile set, falling back to 1 default profile: "default"
2022-2022-09 13:36 [INFO][restartedMain][o.s.b.d.e.DevToolsPropertyDefaultsPostProcessor:255] Devtools property defaults active! Set 'spring.devtools.add-properties' to 'false' to disable
2022-2022-09 13:36 [INFO][restartedMain][o.s.b.d.e.DevToolsPropertyDefaultsPostProcessor:255] For additional web related logging consider setting the 'logging.level.web' property to 'DEBUG'
2022-2022-09 13:36 [INFO][restartedMain][o.s.d.r.c.RepositoryConfigurationDelegate:132] Bootstrapping Spring Data JPA repositories in DEFAULT mode.
2022-2022-09 13:36 [INFO][restartedMain][o.s.d.r.c.RepositoryConfigurationDelegate:201] Finished Spring Data repository scanning in 48 ms. Found 1 JPA repository interfaces.
2022-2022-09 13:36 [INFO][restartedMain][o.s.b.w.e.t.TomcatWebServer:108] Tomcat initialized with port(s): 8081 (http)
2022-2022-09 13:36 [INFO][restartedMain][o.a.c.c.StandardService:173] Starting service [Tomcat]
2022-2022-09 13:36 [INFO][restartedMain][o.a.c.c.StandardEngine:173] Starting Servlet engine: [Apache Tomcat/9.0.65]
2022-2022-09 13:36 [INFO][restartedMain][o.a.c.c.C.[.[.[/]:173] Initializing Spring embedded WebApplicationContext
2022-2022-09 13:36 [INFO][restartedMain][o.s.b.w.s.c.ServletWebServerApplicationContext:292] Root WebApplicationContext: initialization completed in 1737 ms
2022-2022-09 13:36 [INFO][restartedMain][o.h.j.i.u.LogHelper:31] HHH000204: Processing PersistenceUnitInfo [name: default]
2022-2022-09 13:36 [INFO][restartedMain][o.h.Version:44] HHH000412: Hibernate ORM core version 5.6.10.Final
2022-2022-09 13:36 [INFO][restartedMain][o.h.a.c.Version:56] HCANN000001: Hibernate Commons Annotations {5.1.2.Final}
2022-2022-09 13:36 [INFO][restartedMain][c.z.h.HikariDataSource:110] HikariPool-1 - Starting...
2022-2022-09 13:36 [INFO][restartedMain][c.z.h.HikariDataSource:123] HikariPool-1 - Start completed.
2022-2022-09 13:36 [INFO][restartedMain][o.h.d.Dialect:175] HHH000400: Using dialect: org.hibernate.dialect.MySQL8Dialect
2022-2022-09 13:36 [INFO][restartedMain][o.h.e.t.j.p.i.JtaPlatformInitiator:52] HHH000490: Using JtaPlatform implementation: [org.hibernate.engine.transaction.jta.platform.internal.NoJtaPlatform]
2022-2022-09 13:36 [INFO][restartedMain][o.s.o.j.LocalContainerEntityManagerFactoryBean:437] Initialized JPA EntityManagerFactory for persistence unit 'default'
2022-2022-09 13:36 [WARN][restartedMain][o.s.b.a.o.j.JpaBaseConfiguration$JpaWebConfiguration:219] spring.jpa.open-in-view is enabled by default. Therefore, database queries may be performed during view rendering. Explicitly configure spring.jpa.open-in-view to disable this warning
2022-2022-09 13:36 [WARN][restartedMain][o.s.b.a.t.ThymeleafAutoConfiguration$DefaultTemplateResolverConfiguration:103] Cannot find template location: classpath:/templates/ (please add some templates or check your Thymeleaf configuration)
2022-2022-09 13:36 [INFO][restartedMain][o.s.b.d.a.OptionalLiveReloadServer:59] LiveReload server is running on port 35729
2022-2022-09 13:36 [INFO][restartedMain][o.s.b.w.e.t.TomcatWebServer:220] Tomcat started on port(s): 8081 (http) with context path ''
2022-2022-09 13:36 [INFO][restartedMain][c.e.e.EmployeeApp1Application:61] Started EmployeeApp1Application in 4.053 seconds (JVM running for 4.864)
2022-2022-09 13:36 [INFO][restartedMain][c.e.e.EmployeeApp1Application:15] app started
2022-2022-09 13:36 [INFO][http-nio-8081-exec-1][o.a.c.c.C.[.[.[/]:173] Initializing Spring DispatcherServlet 'dispatcherServlet'
2022-2022-09 13:36 [INFO][http-nio-8081-exec-1][o.s.w.s.DispatcherServlet:525] Initializing Servlet 'dispatcherServlet'
2022-2022-09 13:36 [INFO][http-nio-8081-exec-1][o.s.w.s.DispatcherServlet:547] Completed initialization in 0 ms
2022-2022-09 13:49 [INFO][SpringApplicationShutdownHook][o.s.o.j.LocalContainerEntityManagerFactoryBean:651] Closing JPA EntityManagerFactory for persistence unit 'default'
2022-2022-09 13:49 [INFO][SpringApplicationShutdownHook][c.z.h.HikariDataSource:350] HikariPool-1 - Shutdown initiated...
2022-2022-09 13:49 [INFO][SpringApplicationShutdownHook][c.z.h.HikariDataSource:352] HikariPool-1 - Shutdown completed.
2022-2022-09 13:49 [INFO][restartedMain][c.e.e.EmployeeApp1Application:55] Starting EmployeeApp1Application using Java 18.0.2.1 on LAPTOP-S8CS9QLS with PID 17972 (C:\MY STORAGE FILESSSSSSSSSSSSSSSSS\Servlet1234\EmployeeApp1\target\classes started by root in C:\MY STORAGE FILESSSSSSSSSSSSSSSSS\Servlet1234\EmployeeApp1)
2022-2022-09 13:49 [INFO][restartedMain][c.e.e.EmployeeApp1Application:634] No active profile set, falling back to 1 default profile: "default"
2022-2022-09 13:49 [INFO][restartedMain][o.s.b.d.e.DevToolsPropertyDefaultsPostProcessor:255] Devtools property defaults active! Set 'spring.devtools.add-properties' to 'false' to disable
2022-2022-09 13:49 [INFO][restartedMain][o.s.b.d.e.DevToolsPropertyDefaultsPostProcessor:255] For additional web related logging consider setting the 'logging.level.web' property to 'DEBUG'
2022-2022-09 13:49 [INFO][restartedMain][o.s.d.r.c.RepositoryConfigurationDelegate:132] Bootstrapping Spring Data JPA repositories in DEFAULT mode.
2022-2022-09 13:49 [INFO][restartedMain][o.s.d.r.c.RepositoryConfigurationDelegate:201] Finished Spring Data repository scanning in 38 ms. Found 1 JPA repository interfaces.
2022-2022-09 13:49 [INFO][restartedMain][o.s.b.w.e.t.TomcatWebServer:108] Tomcat initialized with port(s): 8081 (http)
2022-2022-09 13:49 [INFO][restartedMain][o.a.c.c.StandardService:173] Starting service [Tomcat]
2022-2022-09 13:49 [INFO][restartedMain][o.a.c.c.StandardEngine:173] Starting Servlet engine: [Apache Tomcat/9.0.65]
2022-2022-09 13:49 [INFO][restartedMain][o.a.c.c.C.[.[.[/]:173] Initializing Spring embedded WebApplicationContext
2022-2022-09 13:49 [INFO][restartedMain][o.s.b.w.s.c.ServletWebServerApplicationContext:292] Root WebApplicationContext: initialization completed in 1407 ms
2022-2022-09 13:49 [INFO][restartedMain][o.h.j.i.u.LogHelper:31] HHH000204: Processing PersistenceUnitInfo [name: default]
2022-2022-09 13:49 [INFO][restartedMain][o.h.Version:44] HHH000412: Hibernate ORM core version 5.6.10.Final
2022-2022-09 13:49 [INFO][restartedMain][o.h.a.c.Version:56] HCANN000001: Hibernate Commons Annotations {5.1.2.Final}
2022-2022-09 13:49 [INFO][restartedMain][c.z.h.HikariDataSource:110] HikariPool-1 - Starting...
2022-2022-09 13:49 [INFO][restartedMain][c.z.h.HikariDataSource:123] HikariPool-1 - Start completed.
2022-2022-09 13:49 [INFO][restartedMain][o.h.d.Dialect:175] HHH000400: Using dialect: org.hibernate.dialect.MySQL8Dialect
2022-2022-09 13:49 [INFO][restartedMain][o.h.e.t.j.p.i.JtaPlatformInitiator:52] HHH000490: Using JtaPlatform implementation: [org.hibernate.engine.transaction.jta.platform.internal.NoJtaPlatform]
2022-2022-09 13:49 [INFO][restartedMain][o.s.o.j.LocalContainerEntityManagerFactoryBean:437] Initialized JPA EntityManagerFactory for persistence unit 'default'
2022-2022-09 13:49 [WARN][restartedMain][o.s.b.a.o.j.JpaBaseConfiguration$JpaWebConfiguration:219] spring.jpa.open-in-view is enabled by default. Therefore, database queries may be performed during view rendering. Explicitly configure spring.jpa.open-in-view to disable this warning
2022-2022-09 13:49 [WARN][restartedMain][o.s.b.a.t.ThymeleafAutoConfiguration$DefaultTemplateResolverConfiguration:103] Cannot find template location: classpath:/templates/ (please add some templates or check your Thymeleaf configuration)
2022-2022-09 13:49 [INFO][restartedMain][o.s.b.d.a.OptionalLiveReloadServer:59] LiveReload server is running on port 35729
2022-2022-09 13:49 [INFO][restartedMain][o.s.b.w.e.t.TomcatWebServer:220] Tomcat started on port(s): 8081 (http) with context path ''
2022-2022-09 13:49 [INFO][restartedMain][c.e.e.EmployeeApp1Application:61] Started EmployeeApp1Application in 3.642 seconds (JVM running for 4.477)
2022-2022-09 13:49 [INFO][restartedMain][c.e.e.EmployeeApp1Application:15] app started
2022-2022-09 13:49 [INFO][http-nio-8081-exec-1][o.a.c.c.C.[.[.[/]:173] Initializing Spring DispatcherServlet 'dispatcherServlet'
2022-2022-09 13:49 [INFO][http-nio-8081-exec-1][o.s.w.s.DispatcherServlet:525] Initializing Servlet 'dispatcherServlet'
2022-2022-09 13:49 [INFO][http-nio-8081-exec-1][o.s.w.s.DispatcherServlet:547] Completed initialization in 1 ms
2022-2022-09 13:49 [WARN][http-nio-8081-exec-1][o.s.w.s.m.s.DefaultHandlerExceptionResolver:208] Resolved [org.springframework.web.bind.MethodArgumentNotValidException: Validation failed for argument [0] in public org.springframework.http.ResponseEntity<com.example.employeeapp1.DTO.ResponseDTO> com.example.employeeapp1.Controller.EmployeePayrollController.getEmployee(com.example.employeeapp1.DTO.EmployeeDTO): [Field error in object 'employeeDTO' on field 'employeeName': rejected value []; codes [Pattern.employeeDTO.employeeName,Pattern.employeeName,Pattern.java.lang.String,Pattern]; arguments [org.springframework.context.support.DefaultMessageSourceResolvable: codes [employeeDTO.employeeName,employeeName]; arguments []; default message [employeeName],[Ljavax.validation.constraints.Pattern$Flag;@732b7826,^[A-Z]{1}[a-zA-Z\s]{2,}$]; default message [Employee Name is Invalid]] ]
2022-2022-09 13:49 [WARN][http-nio-8081-exec-3][o.s.w.s.m.s.DefaultHandlerExceptionResolver:208] Resolved [org.springframework.web.bind.MethodArgumentNotValidException: Validation failed for argument [0] in public org.springframework.http.ResponseEntity<com.example.employeeapp1.DTO.ResponseDTO> com.example.employeeapp1.Controller.EmployeePayrollController.getEmployee(com.example.employeeapp1.DTO.EmployeeDTO): [Field error in object 'employeeDTO' on field 'employeeName': rejected value [mrunal]; codes [Pattern.employeeDTO.employeeName,Pattern.employeeName,Pattern.java.lang.String,Pattern]; arguments [org.springframework.context.support.DefaultMessageSourceResolvable: codes [employeeDTO.employeeName,employeeName]; arguments []; default message [employeeName],[Ljavax.validation.constraints.Pattern$Flag;@732b7826,^[A-Z]{1}[a-zA-Z\s]{2,}$]; default message [Employee Name is Invalid]] ]
2022-2022-09 13:50 [WARN][http-nio-8081-exec-7][o.s.w.s.m.s.DefaultHandlerExceptionResolver:208] Resolved [org.springframework.web.bind.MethodArgumentNotValidException: Validation failed for argument [0] in public org.springframework.http.ResponseEntity<com.example.employeeapp1.DTO.ResponseDTO> com.example.employeeapp1.Controller.EmployeePayrollController.getEmployee(com.example.employeeapp1.DTO.EmployeeDTO): [Field error in object 'employeeDTO' on field 'employeeName': rejected value [runal]; codes [Pattern.employeeDTO.employeeName,Pattern.employeeName,Pattern.java.lang.String,Pattern]; arguments [org.springframework.context.support.DefaultMessageSourceResolvable: codes [employeeDTO.employeeName,employeeName]; arguments []; default message [employeeName],[Ljavax.validation.constraints.Pattern$Flag;@732b7826,^[A-Z]{1}[a-zA-Z\s]{2,}$]; default message [Employee Name is Invalid]] ]
2022-2022-09 13:51 [INFO][SpringApplicationShutdownHook][o.s.o.j.LocalContainerEntityManagerFactoryBean:651] Closing JPA EntityManagerFactory for persistence unit 'default'
2022-2022-09 13:51 [INFO][SpringApplicationShutdownHook][c.z.h.HikariDataSource:350] HikariPool-1 - Shutdown initiated...
2022-2022-09 13:51 [INFO][SpringApplicationShutdownHook][c.z.h.HikariDataSource:352] HikariPool-1 - Shutdown completed.
2022-2022-09 13:51 [INFO][restartedMain][c.e.e.EmployeeApp1Application:55] Starting EmployeeApp1Application using Java 18.0.2.1 on LAPTOP-S8CS9QLS with PID 21640 (C:\MY STORAGE FILESSSSSSSSSSSSSSSSS\Servlet1234\EmployeeApp1\target\classes started by root in C:\MY STORAGE FILESSSSSSSSSSSSSSSSS\Servlet1234\EmployeeApp1)
2022-2022-09 13:51 [INFO][restartedMain][c.e.e.EmployeeApp1Application:634] No active profile set, falling back to 1 default profile: "default"
2022-2022-09 13:51 [INFO][restartedMain][o.s.b.d.e.DevToolsPropertyDefaultsPostProcessor:255] Devtools property defaults active! Set 'spring.devtools.add-properties' to 'false' to disable
2022-2022-09 13:51 [INFO][restartedMain][o.s.b.d.e.DevToolsPropertyDefaultsPostProcessor:255] For additional web related logging consider setting the 'logging.level.web' property to 'DEBUG'
2022-2022-09 13:51 [INFO][restartedMain][o.s.d.r.c.RepositoryConfigurationDelegate:132] Bootstrapping Spring Data JPA repositories in DEFAULT mode.
2022-2022-09 13:51 [INFO][restartedMain][o.s.d.r.c.RepositoryConfigurationDelegate:201] Finished Spring Data repository scanning in 38 ms. Found 1 JPA repository interfaces.
2022-2022-09 13:51 [INFO][restartedMain][o.s.b.w.e.t.TomcatWebServer:108] Tomcat initialized with port(s): 8081 (http)
2022-2022-09 13:51 [INFO][restartedMain][o.a.c.c.StandardService:173] Starting service [Tomcat]
2022-2022-09 13:51 [INFO][restartedMain][o.a.c.c.StandardEngine:173] Starting Servlet engine: [Apache Tomcat/9.0.65]
2022-2022-09 13:51 [INFO][restartedMain][o.a.c.c.C.[.[.[/]:173] Initializing Spring embedded WebApplicationContext
2022-2022-09 13:51 [INFO][restartedMain][o.s.b.w.s.c.ServletWebServerApplicationContext:292] Root WebApplicationContext: initialization completed in 1408 ms
2022-2022-09 13:51 [INFO][restartedMain][o.h.j.i.u.LogHelper:31] HHH000204: Processing PersistenceUnitInfo [name: default]
2022-2022-09 13:51 [INFO][restartedMain][o.h.Version:44] HHH000412: Hibernate ORM core version 5.6.10.Final
2022-2022-09 13:51 [INFO][restartedMain][o.h.a.c.Version:56] HCANN000001: Hibernate Commons Annotations {5.1.2.Final}
2022-2022-09 13:51 [INFO][restartedMain][c.z.h.HikariDataSource:110] HikariPool-1 - Starting...
2022-2022-09 13:51 [INFO][restartedMain][c.z.h.HikariDataSource:123] HikariPool-1 - Start completed.
2022-2022-09 13:51 [INFO][restartedMain][o.h.d.Dialect:175] HHH000400: Using dialect: org.hibernate.dialect.MySQL8Dialect
2022-2022-09 13:51 [INFO][restartedMain][o.h.e.t.j.p.i.JtaPlatformInitiator:52] HHH000490: Using JtaPlatform implementation: [org.hibernate.engine.transaction.jta.platform.internal.NoJtaPlatform]
2022-2022-09 13:51 [INFO][restartedMain][o.s.o.j.LocalContainerEntityManagerFactoryBean:437] Initialized JPA EntityManagerFactory for persistence unit 'default'
2022-2022-09 13:51 [WARN][restartedMain][o.s.b.a.o.j.JpaBaseConfiguration$JpaWebConfiguration:219] spring.jpa.open-in-view is enabled by default. Therefore, database queries may be performed during view rendering. Explicitly configure spring.jpa.open-in-view to disable this warning
2022-2022-09 13:51 [WARN][restartedMain][o.s.b.a.t.ThymeleafAutoConfiguration$DefaultTemplateResolverConfiguration:103] Cannot find template location: classpath:/templates/ (please add some templates or check your Thymeleaf configuration)
2022-2022-09 13:51 [INFO][restartedMain][o.s.b.d.a.OptionalLiveReloadServer:59] LiveReload server is running on port 35729
2022-2022-09 13:51 [INFO][restartedMain][o.s.b.w.e.t.TomcatWebServer:220] Tomcat started on port(s): 8081 (http) with context path ''
2022-2022-09 13:51 [INFO][restartedMain][c.e.e.EmployeeApp1Application:61] Started EmployeeApp1Application in 3.667 seconds (JVM running for 4.53)
2022-2022-09 13:51 [INFO][restartedMain][c.e.e.EmployeeApp1Application:15] app started
2022-2022-09 13:51 [INFO][http-nio-8081-exec-2][o.a.c.c.C.[.[.[/]:173] Initializing Spring DispatcherServlet 'dispatcherServlet'
2022-2022-09 13:51 [INFO][http-nio-8081-exec-2][o.s.w.s.DispatcherServlet:525] Initializing Servlet 'dispatcherServlet'
2022-2022-09 13:51 [INFO][http-nio-8081-exec-2][o.s.w.s.DispatcherServlet:547] Completed initialization in 0 ms
2022-2022-09 13:51 [WARN][http-nio-8081-exec-2][o.s.w.s.m.s.DefaultHandlerExceptionResolver:208] Resolved [org.springframework.web.bind.MethodArgumentNotValidException: Validation failed for argument [0] in public org.springframework.http.ResponseEntity<com.example.employeeapp1.DTO.ResponseDTO> com.example.employeeapp1.Controller.EmployeePayrollController.getEmployee(com.example.employeeapp1.DTO.EmployeeDTO): [Field error in object 'employeeDTO' on field 'employeeName': rejected value [runal]; codes [Pattern.employeeDTO.employeeName,Pattern.employeeName,Pattern.java.lang.String,Pattern]; arguments [org.springframework.context.support.DefaultMessageSourceResolvable: codes [employeeDTO.employeeName,employeeName]; arguments []; default message [employeeName],[Ljavax.validation.constraints.Pattern$Flag;@5bf8372f,^[A-Z]{1}[a-zA-Z\s]{2,}$]; default message [Employee Name is Invalid]] ]
2022-2022-09 13:52 [INFO][SpringApplicationShutdownHook][o.s.o.j.LocalContainerEntityManagerFactoryBean:651] Closing JPA EntityManagerFactory for persistence unit 'default'
2022-2022-09 13:52 [INFO][SpringApplicationShutdownHook][c.z.h.HikariDataSource:350] HikariPool-1 - Shutdown initiated...
2022-2022-09 13:52 [INFO][SpringApplicationShutdownHook][c.z.h.HikariDataSource:352] HikariPool-1 - Shutdown completed.
2022-2022-09 13:52 [INFO][restartedMain][c.e.e.EmployeeApp1Application:55] Starting EmployeeApp1Application using Java 18.0.2.1 on LAPTOP-S8CS9QLS with PID 10064 (C:\MY STORAGE FILESSSSSSSSSSSSSSSSS\Servlet1234\EmployeeApp1\target\classes started by root in C:\MY STORAGE FILESSSSSSSSSSSSSSSSS\Servlet1234\EmployeeApp1)
2022-2022-09 13:52 [INFO][restartedMain][c.e.e.EmployeeApp1Application:634] No active profile set, falling back to 1 default profile: "default"
2022-2022-09 13:52 [INFO][restartedMain][o.s.b.d.e.DevToolsPropertyDefaultsPostProcessor:255] Devtools property defaults active! Set 'spring.devtools.add-properties' to 'false' to disable
2022-2022-09 13:52 [INFO][restartedMain][o.s.b.d.e.DevToolsPropertyDefaultsPostProcessor:255] For additional web related logging consider setting the 'logging.level.web' property to 'DEBUG'
2022-2022-09 13:52 [INFO][restartedMain][o.s.d.r.c.RepositoryConfigurationDelegate:132] Bootstrapping Spring Data JPA repositories in DEFAULT mode.
2022-2022-09 13:52 [INFO][restartedMain][o.s.d.r.c.RepositoryConfigurationDelegate:201] Finished Spring Data repository scanning in 39 ms. Found 1 JPA repository interfaces.
2022-2022-09 13:52 [INFO][restartedMain][o.s.b.w.e.t.TomcatWebServer:108] Tomcat initialized with port(s): 8081 (http)
2022-2022-09 13:52 [INFO][restartedMain][o.a.c.c.StandardService:173] Starting service [Tomcat]
2022-2022-09 13:52 [INFO][restartedMain][o.a.c.c.StandardEngine:173] Starting Servlet engine: [Apache Tomcat/9.0.65]
2022-2022-09 13:52 [INFO][restartedMain][o.a.c.c.C.[.[.[/]:173] Initializing Spring embedded WebApplicationContext
2022-2022-09 13:52 [INFO][restartedMain][o.s.b.w.s.c.ServletWebServerApplicationContext:292] Root WebApplicationContext: initialization completed in 1437 ms
2022-2022-09 13:52 [INFO][restartedMain][o.h.j.i.u.LogHelper:31] HHH000204: Processing PersistenceUnitInfo [name: default]
2022-2022-09 13:52 [INFO][restartedMain][o.h.Version:44] HHH000412: Hibernate ORM core version 5.6.10.Final
2022-2022-09 13:52 [INFO][restartedMain][o.h.a.c.Version:56] HCANN000001: Hibernate Commons Annotations {5.1.2.Final}
2022-2022-09 13:52 [INFO][restartedMain][c.z.h.HikariDataSource:110] HikariPool-1 - Starting...
2022-2022-09 13:52 [INFO][restartedMain][c.z.h.HikariDataSource:123] HikariPool-1 - Start completed.
2022-2022-09 13:52 [INFO][restartedMain][o.h.d.Dialect:175] HHH000400: Using dialect: org.hibernate.dialect.MySQL8Dialect
2022-2022-09 13:52 [INFO][restartedMain][o.h.e.t.j.p.i.JtaPlatformInitiator:52] HHH000490: Using JtaPlatform implementation: [org.hibernate.engine.transaction.jta.platform.internal.NoJtaPlatform]
2022-2022-09 13:52 [INFO][restartedMain][o.s.o.j.LocalContainerEntityManagerFactoryBean:437] Initialized JPA EntityManagerFactory for persistence unit 'default'
2022-2022-09 13:52 [WARN][restartedMain][o.s.b.a.o.j.JpaBaseConfiguration$JpaWebConfiguration:219] spring.jpa.open-in-view is enabled by default. Therefore, database queries may be performed during view rendering. Explicitly configure spring.jpa.open-in-view to disable this warning
2022-2022-09 13:52 [WARN][restartedMain][o.s.b.a.t.ThymeleafAutoConfiguration$DefaultTemplateResolverConfiguration:103] Cannot find template location: classpath:/templates/ (please add some templates or check your Thymeleaf configuration)
2022-2022-09 13:52 [INFO][restartedMain][o.s.b.d.a.OptionalLiveReloadServer:59] LiveReload server is running on port 35729
2022-2022-09 13:52 [INFO][restartedMain][o.s.b.w.e.t.TomcatWebServer:220] Tomcat started on port(s): 8081 (http) with context path ''
2022-2022-09 13:52 [INFO][restartedMain][c.e.e.EmployeeApp1Application:61] Started EmployeeApp1Application in 3.666 seconds (JVM running for 4.579)
2022-2022-09 13:52 [INFO][restartedMain][c.e.e.EmployeeApp1Application:15] app started
2022-2022-09 13:52 [INFO][http-nio-8081-exec-1][o.a.c.c.C.[.[.[/]:173] Initializing Spring DispatcherServlet 'dispatcherServlet'
2022-2022-09 13:52 [INFO][http-nio-8081-exec-1][o.s.w.s.DispatcherServlet:525] Initializing Servlet 'dispatcherServlet'
2022-2022-09 13:52 [INFO][http-nio-8081-exec-1][o.s.w.s.DispatcherServlet:547] Completed initialization in 0 ms
2022-2022-09 13:52 [WARN][http-nio-8081-exec-2][o.s.w.s.m.s.DefaultHandlerExceptionResolver:208] Resolved [org.springframework.web.bind.MethodArgumentNotValidException: Validation failed for argument [0] in public org.springframework.http.ResponseEntity<com.example.employeeapp1.DTO.ResponseDTO> com.example.employeeapp1.Controller.EmployeePayrollController.getEmployee(com.example.employeeapp1.DTO.EmployeeDTO): [Field error in object 'employeeDTO' on field 'employeeName': rejected value [runal]; codes [Pattern.employeeDTO.employeeName,Pattern.employeeName,Pattern.java.lang.String,Pattern]; arguments [org.springframework.context.support.DefaultMessageSourceResolvable: codes [employeeDTO.employeeName,employeeName]; arguments []; default message [employeeName],[Ljavax.validation.constraints.Pattern$Flag;@239aac4a,^[A-Z]{1}[a-zA-Z\s]{2,}$]; default message [Employee Name is Invalid]] ]
2022-2022-09 13:53 [WARN][http-nio-8081-exec-5][o.s.w.s.m.s.DefaultHandlerExceptionResolver:208] Resolved [org.springframework.web.bind.MethodArgumentNotValidException: Validation failed for argument [0] in public org.springframework.http.ResponseEntity<com.example.employeeapp1.DTO.ResponseDTO> com.example.employeeapp1.Controller.EmployeePayrollController.getEmployee(com.example.employeeapp1.DTO.EmployeeDTO): [Field error in object 'employeeDTO' on field 'employeeName': rejected value [null]; codes [NotEmpty.employeeDTO.employeeName,NotEmpty.employeeName,NotEmpty.java.lang.String,NotEmpty]; arguments [org.springframework.context.support.DefaultMessageSourceResolvable: codes [employeeDTO.employeeName,employeeName]; arguments []; default message [employeeName]]; default message [not valid]] ]
2022-2022-09 13:53 [WARN][http-nio-8081-exec-4][o.s.w.s.m.s.DefaultHandlerExceptionResolver:208] Resolved [org.springframework.web.bind.MethodArgumentNotValidException: Validation failed for argument [0] in public org.springframework.http.ResponseEntity<com.example.employeeapp1.DTO.ResponseDTO> com.example.employeeapp1.Controller.EmployeePayrollController.getEmployee(com.example.employeeapp1.DTO.EmployeeDTO): [Field error in object 'employeeDTO' on field 'employeeName': rejected value [runal]; codes [Pattern.employeeDTO.employeeName,Pattern.employeeName,Pattern.java.lang.String,Pattern]; arguments [org.springframework.context.support.DefaultMessageSourceResolvable: codes [employeeDTO.employeeName,employeeName]; arguments []; default message [employeeName],[Ljavax.validation.constraints.Pattern$Flag;@239aac4a,^[A-Z]{1}[a-zA-Z\s]{2,}$]; default message [Employee Name is Invalid]] ]
